websocket-manager.js:14 [WebSocket] Connected
processor.js:127 [WebSocket] Connected to transcription server
processor.js:132 [WebSocket] {type: 'transcription', text: 'Wit', is_final: false, timestamp: '2026-02-13T01:10:30.542Z'}
processor.js:138 [DEBUG] Non-final (ignored for display): Wit
processor.js:132 [WebSocket] {type: 'transcription', text: 'Without', is_final: false, timestamp: '2026-02-13T01:10:30.656Z'}
processor.js:138 [DEBUG] Non-final (ignored for display): Without
processor.js:132 [WebSocket] {type: 'transcription', text: 'Without cont', is_final: false, timestamp: '2026-02-13T01:10:30.839Z'}
processor.js:138 [DEBUG] Non-final (ignored for display): Without cont
processor.js:132 [WebSocket] {type: 'transcription', text: 'Without controv', is_final: false, timestamp: '2026-02-13T01:10:31.067Z'}
processor.js:138 [DEBUG] Non-final (ignored for display): Without controv
processor.js:132 [WebSocket] {type: 'transcription', text: 'Without controvers', is_final: false, timestamp: '2026-02-13T01:10:31.209Z'}
processor.js:138 [DEBUG] Non-final (ignored for display): Without controvers
processor.js:132 [WebSocket] {type: 'transcription', text: 'Without controversy', is_final: false, timestamp: '2026-02-13T01:10:31.542Z'}
processor.js:138 [DEBUG] Non-final (ignored for display): Without controversy
processor.js:132 [WebSocket] {type: 'transcription', text: 'Without controversy am', is_final: false, timestamp: '2026-02-13T01:10:31.601Z'}
processor.js:138 [DEBUG] Non-final (ignored for display): Without controversy am
processor.js:132 [WebSocket] {type: 'transcription', text: 'Without controversy among', is_final: false, timestamp: '2026-02-13T01:10:31.961Z'}
processor.js:138 [DEBUG] Non-final (ignored for display): Without controversy among
processor.js:132 [WebSocket] {type: 'transcription', text: 'Without controversy among th', is_final: false, timestamp: '2026-02-13T01:10:31.961Z'}
processor.js:138 [DEBUG] Non-final (ignored for display): Without controversy among th
processor.js:132 [WebSocket] {type: 'transcription', text: 'Without controversy among those', is_final: false, timestamp: '2026-02-13T01:10:32.209Z'}
processor.js:138 [DEBUG] Non-final (ignored for display): Without controversy among those
processor.js:132 [WebSocket] {type: 'transcription', text: 'Without controversy among those who', is_final: false, timestamp: '2026-02-13T01:10:32.619Z'}
processor.js:138 [DEBUG] Non-final (ignored for display): Without controversy among those who
processor.js:132 [WebSocket] {type: 'transcription', text: 'Without controversy among those who say', is_final: false, timestamp: '2026-02-13T01:10:32.899Z'}
processor.js:138 [DEBUG] Non-final (ignored for display): Without controversy among those who say
processor.js:132 [WebSocket] {type: 'transcription', text: 'Without controversy among those who say that', is_final: false, timestamp: '2026-02-13T01:10:33.022Z'}
processor.js:138 [DEBUG] Non-final (ignored for display): Without controversy among those who say that
processor.js:132 [WebSocket] {type: 'transcription', text: 'Without controversy among those who say that D', is_final: false, timestamp: '2026-02-13T01:10:33.298Z'}
processor.js:138 [DEBUG] Non-final (ignored for display): Without controversy among those who say that D
processor.js:132 [WebSocket] {type: 'transcription', text: 'Without controversy among those who say that Dame', is_final: false, timestamp: '2026-02-13T01:10:33.395Z'}
processor.js:138 [DEBUG] Non-final (ignored for display): Without controversy among those who say that Dame
processor.js:132 [WebSocket] {type: 'transcription', text: 'Without controversy among those who say that Dame Sar', is_final: false, timestamp: '2026-02-13T01:10:33.516Z'}
processor.js:138 [DEBUG] Non-final (ignored for display): Without controversy among those who say that Dame Sar
processor.js:132 [WebSocket] {type: 'transcription', text: 'Without controversy among those who say that Dame Sarah', is_final: false, timestamp: '2026-02-13T01:10:33.616Z'}
processor.js:138 [DEBUG] Non-final (ignored for display): Without controversy among those who say that Dame Sarah
processor.js:132 [WebSocket] {type: 'transcription', text: 'Without controversy among those who say that Dame Sara Mil', is_final: false, timestamp: '2026-02-13T01:10:33.733Z'}
processor.js:138 [DEBUG] Non-final (ignored for display): Without controversy among those who say that Dame Sara Mil
processor.js:132 [WebSocket] {type: 'transcription', text: 'Without controversy among those who say that Dame Sarah Mulally', is_final: false, timestamp: '2026-02-13T01:10:34.228Z'}
processor.js:138 [DEBUG] Non-final (ignored for display): Without controversy among those who say that Dame Sarah Mulally
processor.js:132 [WebSocket] {type: 'transcription', text: 'Without controversy among those who say that Dame Sarah Mulally has', is_final: false, timestamp: '2026-02-13T01:10:34.278Z'}
processor.js:138 [DEBUG] Non-final (ignored for display): Without controversy among those who say that Dame Sarah Mulally has
processor.js:132 [WebSocket] {type: 'transcription', text: 'Without controversy among those who say that Dame Sarah Mulally has not', is_final: false, timestamp: '2026-02-13T01:10:34.325Z'}
processor.js:138 [DEBUG] Non-final (ignored for display): Without controversy among those who say that Dame Sarah Mulally has not
processor.js:132 [WebSocket] {type: 'transcription', text: 'Without controversy among those who say that Dame Sarah Mulally has not done', is_final: false, timestamp: '2026-02-13T01:10:34.502Z'}
processor.js:138 [DEBUG] Non-final (ignored for display): Without controversy among those who say that Dame Sarah Mulally has not done
processor.js:132 [WebSocket] {type: 'transcription', text: 'Without controversy among those who say that Dame Sarah Mulally has not done en', is_final: false, timestamp: '2026-02-13T01:10:34.544Z'}
processor.js:138 [DEBUG] Non-final (ignored for display): Without controversy among those who say that Dame Sarah Mulally has not done en
processor.js:132 [WebSocket] {type: 'transcription', text: 'Without controversy among those who say that Dame Sarah Mulally has not done enough', is_final: false, timestamp: '2026-02-13T01:10:35.625Z'}
processor.js:138 [DEBUG] Non-final (ignored for display): Without controversy among those who say that Dame Sarah Mulally has not done enough
processor.js:132 [WebSocket] {type: 'transcription', text: 'Without controversy among those who say that Dame Sarah Mulally has not done enough in', is_final: false, timestamp: '2026-02-13T01:10:35.730Z'}
processor.js:138 [DEBUG] Non-final (ignored for display): Without controversy among those who say that Dame Sarah Mulally has not done enough in
processor.js:132 [WebSocket] {type: 'transcription', text: 'Without controversy among those who say that Dame Sarah Mulally has not done enough in her', is_final: false, timestamp: '2026-02-13T01:10:35.774Z'}
processor.js:138 [DEBUG] Non-final (ignored for display): Without controversy among those who say that Dame Sarah Mulally has not done enough in her
processor.js:132 [WebSocket] {type: 'transcription', text: 'Without controversy among those who say that Dame Sarah Mulally has not done enough in her r', is_final: false, timestamp: '2026-02-13T01:10:35.874Z'}
processor.js:138 [DEBUG] Non-final (ignored for display): Without controversy among those who say that Dame Sarah Mulally has not done enough in her r
processor.js:132 [WebSocket] {type: 'transcription', text: 'Without controversy among those who say that Dame Sarah Mulally has not done enough in her role', is_final: false, timestamp: '2026-02-13T01:10:35.916Z'}
processor.js:138 [DEBUG] Non-final (ignored for display): Without controversy among those who say that Dame Sarah Mulally has not done enough in her role
processor.js:132 [WebSocket] {type: 'transcription', text: 'Without controversy among those who say that Dame Sarah Mulally has not done enough in her role am', is_final: false, timestamp: '2026-02-13T01:10:36.015Z'}
processor.js:138 [DEBUG] Non-final (ignored for display): Without controversy among those who say that Dame Sarah Mulally has not done enough in her role am
processor.js:132 [WebSocket] {type: 'transcription', text: 'Without controversy among those who say that Dame …rah Mulally has not done enough in her role among', is_final: false, timestamp: '2026-02-13T01:10:36.074Z'}
processor.js:138 [DEBUG] Non-final (ignored for display): Without controversy among those who say that Dame Sarah Mulally has not done enough in her role among
processor.js:132 [WebSocket] {type: 'transcription', text: 'Without controversy among', is_final: true, timestamp: '2026-02-13T01:10:36.118Z'}
processor.js:134 [DEBUG] Final transcription: Without controversy among
processor.js:132 [WebSocket] {type: 'transcription', text: ' those who say that Dame Sarah Mulally has not done enough in her role among', is_final: false, timestamp: '2026-02-13T01:10:36.118Z'}
processor.js:138 [DEBUG] Non-final (ignored for display):  those who say that Dame Sarah Mulally has not done enough in her role among
processor.js:132 [WebSocket] {type: 'transcription', text: ' those who say that Dame Sarah Mulally has not done enough in her role among seni', is_final: false, timestamp: '2026-02-13T01:10:36.213Z'}
processor.js:138 [DEBUG] Non-final (ignored for display):  those who say that Dame Sarah Mulally has not done enough in her role among seni
processor.js:132 [WebSocket] {type: 'transcription', text: ' those who say that Dame Sarah Mulally has not done enough in her role among senior', is_final: false, timestamp: '2026-02-13T01:10:36.321Z'}
processor.js:138 [DEBUG] Non-final (ignored for display):  those who say that Dame Sarah Mulally has not done enough in her role among senior
processor.js:132 [WebSocket] {type: 'transcription', text: ' those who say that Dame Sarah Mulally has not done enough in her role among senior c', is_final: false, timestamp: '2026-02-13T01:10:36.501Z'}
processor.js:138 [DEBUG] Non-final (ignored for display):  those who say that Dame Sarah Mulally has not done enough in her role among senior c
processor.js:132 [WebSocket] {type: 'transcription', text: ' those who say that Dame Sarah Mulally has not done enough in her role among senior cler', is_final: false, timestamp: '2026-02-13T01:10:36.719Z'}
processor.js:138 [DEBUG] Non-final (ignored for display):  those who say that Dame Sarah Mulally has not done enough in her role among senior cler
processor.js:132 [WebSocket] {type: 'transcription', text: ' those who say that Dame Sarah Mulally has not done enough in her role among senior clergy', is_final: false, timestamp: '2026-02-13T01:10:36.861Z'}
processor.js:138 [DEBUG] Non-final (ignored for display):  those who say that Dame Sarah Mulally has not done enough in her role among senior clergy
processor.js:132 [WebSocket] {type: 'transcription', text: ' those who say that Dame Sarah Mulally has not done enough in her role among senior clergy to hel', is_final: false, timestamp: '2026-02-13T01:10:37.000Z'}
processor.js:138 [DEBUG] Non-final (ignored for display):  those who say that Dame Sarah Mulally has not done enough in her role among senior clergy to hel
processor.js:132 [WebSocket] {type: 'transcription', text: ' those who say that Dame Sarah Mulally has not done enough in her role among senior clergy to help', is_final: false, timestamp: '2026-02-13T01:10:37.222Z'}
processor.js:138 [DEBUG] Non-final (ignored for display):  those who say that Dame Sarah Mulally has not done enough in her role among senior clergy to help
processor.js:132 [WebSocket] {type: 'transcription', text: ' those who say that Dame Sarah Mulally has not don…nough in her role among senior clergy to help the', is_final: false, timestamp: '2026-02-13T01:10:37.571Z'}
processor.js:138 [DEBUG] Non-final (ignored for display):  those who say that Dame Sarah Mulally has not done enough in her role among senior clergy to help the
processor.js:132 [WebSocket] {type: 'transcription', text: ' those who say that Dame Sarah Mulally has not don…n her role among senior clergy to help the church', is_final: false, timestamp: '2026-02-13T01:10:37.856Z'}
processor.js:138 [DEBUG] Non-final (ignored for display):  those who say that Dame Sarah Mulally has not done enough in her role among senior clergy to help the church
processor.js:132 [WebSocket] {type: 'transcription', text: ' those who say that Dame Sarah Mul', is_final: true, timestamp: '2026-02-13T01:10:37.964Z'}
processor.js:134 [DEBUG] Final transcription:  those who say that Dame Sarah Mul
processor.js:132 [WebSocket] {type: 'transcription', text: 'ally has not done enough in her role among senior clergy to help the church', is_final: false, timestamp: '2026-02-13T01:10:37.964Z'}
processor.js:138 [DEBUG] Non-final (ignored for display): ally has not done enough in her role among senior clergy to help the church
processor.js:132 [WebSocket] {type: 'transcription', text: 'ally has not done enough in her role among senior clergy to help the church t', is_final: false, timestamp: '2026-02-13T01:10:38.589Z'}
processor.js:138 [DEBUG] Non-final (ignored for display): ally has not done enough in her role among senior clergy to help the church t
processor.js:132 [WebSocket] {type: 'transcription', text: 'ally has not done enough in her role among senior clergy to help the church tack', is_final: false, timestamp: '2026-02-13T01:10:38.656Z'}
processor.js:138 [DEBUG] Non-final (ignored for display): ally has not done enough in her role among senior clergy to help the church tack
processor.js:132 [WebSocket] {type: 'transcription', text: 'ally has not done enough in her role among senior clergy to help the church tackle', is_final: false, timestamp: '2026-02-13T01:10:38.749Z'}
processor.js:138 [DEBUG] Non-final (ignored for display): ally has not done enough in her role among senior clergy to help the church tackle
processor.js:132 [WebSocket] {type: 'transcription', text: 'ally has not done enough in her role among senior clergy to help the church tackle that', is_final: false, timestamp: '2026-02-13T01:10:38.912Z'}
processor.js:138 [DEBUG] Non-final (ignored for display): ally has not done enough in her role among senior clergy to help the church tackle that
processor.js:132 [WebSocket] {type: 'transcription', text: 'ally has not done enough in her role among senior clergy to help the church tackle that is', is_final: false, timestamp: '2026-02-13T01:10:40.275Z'}
processor.js:138 [DEBUG] Non-final (ignored for display): ally has not done enough in her role among senior clergy to help the church tackle that is
processor.js:132 [WebSocket] {type: 'transcription', text: 'ally has not done enough in her role among senior clergy to help the church tackle that iss', is_final: false, timestamp: '2026-02-13T01:10:40.318Z'}
processor.js:138 [DEBUG] Non-final (ignored for display): ally has not done enough in her role among senior clergy to help the church tackle that iss
processor.js:132 [WebSocket] {type: 'transcription', text: 'ally has not done enough in her role among senior clergy to help the church tackle that issue', is_final: false, timestamp: '2026-02-13T01:10:40.504Z'}
processor.js:138 [DEBUG] Non-final (ignored for display): ally has not done enough in her role among senior clergy to help the church tackle that issue
processor.js:132 [WebSocket] {type: 'transcription', text: 'ally has not done enough in her role among senior clergy to help the church tackle that issue and', is_final: false, timestamp: '2026-02-13T01:10:40.545Z'}
processor.js:138 [DEBUG] Non-final (ignored for display): ally has not done enough in her role among senior clergy to help the church tackle that issue and
processor.js:132 [WebSocket] {type: 'transcription', text: 'ally has not done enough in her role among senior …ergy to help the church tackle that issue and how', is_final: false, timestamp: '2026-02-13T01:10:40.587Z'}
processor.js:138 [DEBUG] Non-final (ignored for display): ally has not done enough in her role among senior clergy to help the church tackle that issue and how
processor.js:132 [WebSocket] {type: 'transcription', text: 'ally has not done enough in her role among senior …y to help the church tackle that issue and how it', is_final: false, timestamp: '2026-02-13T01:10:40.647Z'}
processor.js:138 [DEBUG] Non-final (ignored for display): ally has not done enough in her role among senior clergy to help the church tackle that issue and how it
processor.js:132 [WebSocket] {type: 'transcription', text: 'ally has not done enough in her role among', is_final: true, timestamp: '2026-02-13T01:10:40.680Z'}
processor.js:134 [DEBUG] Final transcription: ally has not done enough in her role among
processor.js:132 [WebSocket] {type: 'transcription', text: ' senior clergy to help the church tackle that issue and how it', is_final: false, timestamp: '2026-02-13T01:10:40.681Z'}
processor.js:138 [DEBUG] Non-final (ignored for display):  senior clergy to help the church tackle that issue and how it
processor.js:132 [WebSocket] {type: 'transcription', text: ' senior clergy to help the church tackle that issue and how it de', is_final: false, timestamp: '2026-02-13T01:10:40.741Z'}
processor.js:138 [DEBUG] Non-final (ignored for display):  senior clergy to help the church tackle that issue and how it de
processor.js:132 [WebSocket] {type: 'transcription', text: ' senior clergy to help the church tackle that issue and how it deals', is_final: false, timestamp: '2026-02-13T01:10:40.783Z'}
processor.js:138 [DEBUG] Non-final (ignored for display):  senior clergy to help the church tackle that issue and how it deals
processor.js:132 [WebSocket] {type: 'transcription', text: ' senior clergy to help the church tackle that issue and how it deals with', is_final: false, timestamp: '2026-02-13T01:10:40.860Z'}
processor.js:138 [DEBUG] Non-final (ignored for display):  senior clergy to help the church tackle that issue and how it deals with
processor.js:132 [WebSocket] {type: 'transcription', text: ' senior clergy to help the church tackle that issue and how it deals with ab', is_final: false, timestamp: '2026-02-13T01:10:40.979Z'}
processor.js:138 [DEBUG] Non-final (ignored for display):  senior clergy to help the church tackle that issue and how it deals with ab
processor.js:132 [WebSocket] {type: 'transcription', text: ' senior clergy to help the church tackle that issue and how it deals with abus', is_final: false, timestamp: '2026-02-13T01:10:41.074Z'}
processor.js:138 [DEBUG] Non-final (ignored for display):  senior clergy to help the church tackle that issue and how it deals with abus
processor.js:132 [WebSocket] {type: 'transcription', text: ' senior clergy to help the church tackle that issue and how it deals with abuse.', is_final: false, timestamp: '2026-02-13T01:10:41.127Z'}
processor.js:138 [DEBUG] Non-final (ignored for display):  senior clergy to help the church tackle that issue and how it deals with abuse.
processor.js:132 [WebSocket] {type: 'transcription', text: ' senior clergy to help the church tackle that issue and how it deals with abuse. Of', is_final: false, timestamp: '2026-02-13T01:10:41.204Z'}
processor.js:138 [DEBUG] Non-final (ignored for display):  senior clergy to help the church tackle that issue and how it deals with abuse. Of
processor.js:132 [WebSocket] {type: 'transcription', text: ' senior clergy to help the church tackle that issue and how it deals with abuse. Of course,', is_final: false, timestamp: '2026-02-13T01:10:41.284Z'}
processor.js:138 [DEBUG] Non-final (ignored for display):  senior clergy to help the church tackle that issue and how it deals with abuse. Of course,
processor.js:132 [WebSocket] {type: 'transcription', text: ' senior clergy to help the church tackle that issue and how it deals with abuse. Of course, it', is_final: false, timestamp: '2026-02-13T01:10:41.405Z'}
processor.js:138 [DEBUG] Non-final (ignored for display):  senior clergy to help the church tackle that issue and how it deals with abuse. Of course, it
processor.js:132 [WebSocket] {type: 'transcription', text: ' senior clergy to help the church tackle that issue and how it deals with abuse. Of course, it was', is_final: false, timestamp: '2026-02-13T01:10:41.530Z'}
processor.js:138 [DEBUG] Non-final (ignored for display):  senior clergy to help the church tackle that issue and how it deals with abuse. Of course, it was
processor.js:132 [WebSocket] {type: 'transcription', text: ' senior clergy to help the church tackle that issu…ow it deals with abuse. Of course, it was similar', is_final: false, timestamp: '2026-02-13T01:10:41.808Z'}
processor.js:138 [DEBUG] Non-final (ignored for display):  senior clergy to help the church tackle that issue and how it deals with abuse. Of course, it was similar
processor.js:132 [WebSocket] {type: 'transcription', text: ' senior clergy to help the church', is_final: true, timestamp: '2026-02-13T01:10:42.064Z'}
processor.js:134 [DEBUG] Final transcription:  senior clergy to help the church
processor.js:132 [WebSocket] {type: 'transcription', text: ' tackle that issue and how it deals with abuse. Of course, it was similar', is_final: false, timestamp: '2026-02-13T01:10:42.064Z'}
processor.js:138 [DEBUG] Non-final (ignored for display):  tackle that issue and how it deals with abuse. Of course, it was similar
processor.js:132 [WebSocket] {type: 'transcription', text: ' tackle that issue and how it deals with abuse. Of course, it was similar yet', is_final: false, timestamp: '2026-02-13T01:10:42.167Z'}
processor.js:138 [DEBUG] Non-final (ignored for display):  tackle that issue and how it deals with abuse. Of course, it was similar yet
processor.js:132 [WebSocket] {type: 'transcription', text: ' tackle that issue and how it deals with abuse. Of course, it was similar yet str', is_final: false, timestamp: '2026-02-13T01:10:42.336Z'}
processor.js:138 [DEBUG] Non-final (ignored for display):  tackle that issue and how it deals with abuse. Of course, it was similar yet str
processor.js:132 [WebSocket] {type: 'transcription', text: ' tackle that issue and how it deals with abuse. Of course, it was similar yet strong', is_final: false, timestamp: '2026-02-13T01:10:42.471Z'}
processor.js:138 [DEBUG] Non-final (ignored for display):  tackle that issue and how it deals with abuse. Of course, it was similar yet strong
processor.js:132 [WebSocket] {type: 'transcription', text: ' tackle that issue and how it deals with abuse. Of course, it was similar yet stronger', is_final: false, timestamp: '2026-02-13T01:10:42.721Z'}
processor.js:138 [DEBUG] Non-final (ignored for display):  tackle that issue and how it deals with abuse. Of course, it was similar yet stronger
processor.js:132 [WebSocket] {type: 'transcription', text: ' tackle that issue and how it deals with abuse. Of course, it was similar yet stronger acc', is_final: false, timestamp: '2026-02-13T01:10:43.466Z'}
processor.js:138 [DEBUG] Non-final (ignored for display):  tackle that issue and how it deals with abuse. Of course, it was similar yet stronger acc
processor.js:132 [WebSocket] {type: 'transcription', text: ' tackle that issue and how it deals with abuse. Of course, it was similar yet stronger accus', is_final: false, timestamp: '2026-02-13T01:10:43.577Z'}
processor.js:138 [DEBUG] Non-final (ignored for display):  tackle that issue and how it deals with abuse. Of course, it was similar yet stronger accus
processor.js:132 [WebSocket] {type: 'transcription', text: ' tackle that issue and how it deals with abuse. Of course, it was similar yet stronger accusations', is_final: false, timestamp: '2026-02-13T01:10:43.966Z'}
processor.js:138 [DEBUG] Non-final (ignored for display):  tackle that issue and how it deals with abuse. Of course, it was similar yet stronger accusations
processor.js:132 [WebSocket] {type: 'transcription', text: ' tackle that issue and how it', is_final: true, timestamp: '2026-02-13T01:10:44.096Z'}
processor.js:134 [DEBUG] Final transcription:  tackle that issue and how it
processor.js:132 [WebSocket] {type: 'transcription', text: ' deals with abuse. Of course, it was similar yet stronger accusations against', is_final: false, timestamp: '2026-02-13T01:10:44.096Z'}
processor.js:138 [DEBUG] Non-final (ignored for display):  deals with abuse. Of course, it was similar yet stronger accusations against
processor.js:132 [WebSocket] {type: 'transcription', text: ' deals with abuse. Of course, it was similar yet stronger accusations against her', is_final: false, timestamp: '2026-02-13T01:10:44.399Z'}
processor.js:138 [DEBUG] Non-final (ignored for display):  deals with abuse. Of course, it was similar yet stronger accusations against her
processor.js:132 [WebSocket] {type: 'transcription', text: ' deals with abuse. Of course, it was similar yet stronger accusations against her pre', is_final: false, timestamp: '2026-02-13T01:10:44.655Z'}
processor.js:138 [DEBUG] Non-final (ignored for display):  deals with abuse. Of course, it was similar yet stronger accusations against her pre
processor.js:132 [WebSocket] {type: 'transcription', text: ' deals with abuse. Of course, it was similar yet stronger accusations against her prede', is_final: false, timestamp: '2026-02-13T01:10:44.770Z'}
processor.js:138 [DEBUG] Non-final (ignored for display):  deals with abuse. Of course, it was similar yet stronger accusations against her prede
processor.js:132 [WebSocket] {type: 'transcription', text: ' deals with abuse. Of course, it was similar yet stronger accusations against her predecess', is_final: false, timestamp: '2026-02-13T01:10:45.035Z'}
processor.js:138 [DEBUG] Non-final (ignored for display):  deals with abuse. Of course, it was similar yet stronger accusations against her predecess
processor.js:132 [WebSocket] {type: 'transcription', text: ' deals with abuse. Of course, it was similar yet stronger accusations against her predecessor,', is_final: false, timestamp: '2026-02-13T01:10:45.118Z'}
processor.js:138 [DEBUG] Non-final (ignored for display):  deals with abuse. Of course, it was similar yet stronger accusations against her predecessor,
processor.js:132 [WebSocket] {type: 'transcription', text: ' deals with abuse. Of course, it was similar yet stronger accusations against her predecessor, Just', is_final: false, timestamp: '2026-02-13T01:10:45.707Z'}
processor.js:138 [DEBUG] Non-final (ignored for display):  deals with abuse. Of course, it was similar yet stronger accusations against her predecessor, Just
processor.js:132 [WebSocket] {type: 'transcription', text: ' deals with abuse. Of course, it was similar yet s…onger accusations against her predecessor, Justin', is_final: false, timestamp: '2026-02-13T01:10:45.906Z'}
processor.js:138 [DEBUG] Non-final (ignored for display):  deals with abuse. Of course, it was similar yet stronger accusations against her predecessor, Justin
processor.js:132 [WebSocket] {type: 'transcription', text: ' deals with abuse. Of course, it was similar yet s…r accusations against her predecessor, Justin Wel', is_final: false, timestamp: '2026-02-13T01:10:46.031Z'}
processor.js:138 [DEBUG] Non-final (ignored for display):  deals with abuse. Of course, it was similar yet stronger accusations against her predecessor, Justin Wel
processor.js:132 [WebSocket] {type: 'transcription', text: ' deals with abuse. Of course, it was similar', is_final: true, timestamp: '2026-02-13T01:10:46.071Z'}
processor.js:134 [DEBUG] Final transcription:  deals with abuse. Of course, it was similar
processor.js:132 [WebSocket] {type: 'transcription', text: ' yet stronger accusations against her predecessor, Justin Wel', is_final: false, timestamp: '2026-02-13T01:10:46.072Z'}
processor.js:138 [DEBUG] Non-final (ignored for display):  yet stronger accusations against her predecessor, Justin Wel
processor.js:132 [WebSocket] {type: 'transcription', text: ' yet stronger accusations against her predecessor, Justin Welb', is_final: false, timestamp: '2026-02-13T01:10:46.191Z'}
processor.js:138 [DEBUG] Non-final (ignored for display):  yet stronger accusations against her predecessor, Justin Welb
processor.js:132 [WebSocket] {type: 'transcription', text: ' yet stronger accusations against her predecessor, Justin Welby,', is_final: false, timestamp: '2026-02-13T01:10:46.325Z'}
processor.js:138 [DEBUG] Non-final (ignored for display):  yet stronger accusations against her predecessor, Justin Welby,
processor.js:132 [WebSocket] {type: 'transcription', text: ' yet stronger accusations against her predecessor, Justin Welby, that', is_final: false, timestamp: '2026-02-13T01:10:46.459Z'}
processor.js:138 [DEBUG] Non-final (ignored for display):  yet stronger accusations against her predecessor, Justin Welby, that
processor.js:132 [WebSocket] {type: 'transcription', text: ' yet stronger accusations against her predecessor, Justin Welby, that led', is_final: false, timestamp: '2026-02-13T01:10:46.696Z'}
processor.js:138 [DEBUG] Non-final (ignored for display):  yet stronger accusations against her predecessor, Justin Welby, that led
processor.js:132 [WebSocket] {type: 'transcription', text: ' yet stronger accusations against her predecessor, Justin Welby, that led to', is_final: false, timestamp: '2026-02-13T01:10:47.047Z'}
processor.js:138 [DEBUG] Non-final (ignored for display):  yet stronger accusations against her predecessor, Justin Welby, that led to
processor.js:132 [WebSocket] {type: 'transcription', text: ' yet stronger accusations against her predecessor, Justin Welby, that led to his', is_final: false, timestamp: '2026-02-13T01:10:47.428Z'}
processor.js:138 [DEBUG] Non-final (ignored for display):  yet stronger accusations against her predecessor, Justin Welby, that led to his
processor.js:132 [WebSocket] {type: 'transcription', text: ' yet stronger accusations against her predecessor, Justin Welby, that led to his res', is_final: false, timestamp: '2026-02-13T01:10:47.985Z'}
processor.js:138 [DEBUG] Non-final (ignored for display):  yet stronger accusations against her predecessor, Justin Welby, that led to his res
processor.js:132 [WebSocket] {type: 'transcription', text: ' yet stronger accusations against', is_final: true, timestamp: '2026-02-13T01:10:48.107Z'}
processor.js:134 [DEBUG] Final transcription:  yet stronger accusations against
processor.js:132 [WebSocket] {type: 'transcription', text: ' her predecessor, Justin Welby, that led to his resign', is_final: false, timestamp: '2026-02-13T01:10:48.107Z'}
processor.js:138 [DEBUG] Non-final (ignored for display):  her predecessor, Justin Welby, that led to his resign
processor.js:132 [WebSocket] {type: 'transcription', text: ' her predecessor, Justin Welby, that led to his resignation.', is_final: false, timestamp: '2026-02-13T01:10:48.743Z'}
processor.js:138 [DEBUG] Non-final (ignored for display):  her predecessor, Justin Welby, that led to his resignation.
processor.js:132 [WebSocket] {type: 'transcription', text: ' her predecessor, Justin Welby, that led to his resignation. D', is_final: false, timestamp: '2026-02-13T01:10:49.339Z'}
processor.js:138 [DEBUG] Non-final (ignored for display):  her predecessor, Justin Welby, that led to his resignation. D
processor.js:132 [WebSocket] {type: 'transcription', text: ' her predecessor, Justin Welby, that led to his resignation. Dame', is_final: false, timestamp: '2026-02-13T01:10:49.471Z'}
processor.js:138 [DEBUG] Non-final (ignored for display):  her predecessor, Justin Welby, that led to his resignation. Dame
processor.js:132 [WebSocket] {type: 'transcription', text: ' her predecessor, Justin Welby, that led to his resignation. Dame Sar', is_final: false, timestamp: '2026-02-13T01:10:49.598Z'}
processor.js:138 [DEBUG] Non-final (ignored for display):  her predecessor, Justin Welby, that led to his resignation. Dame Sar
processor.js:132 [WebSocket] {type: 'transcription', text: ' her predecessor, Justin Welby, that led to his resignation. Dame Sarah', is_final: false, timestamp: '2026-02-13T01:10:49.734Z'}
processor.js:138 [DEBUG] Non-final (ignored for display):  her predecessor, Justin Welby, that led to his resignation. Dame Sarah
processor.js:132 [WebSocket] {type: 'transcription', text: ' her predecessor, Justin Welby, that led to his resignation. Dame Sarah Mul', is_final: false, timestamp: '2026-02-13T01:10:49.847Z'}
processor.js:138 [DEBUG] Non-final (ignored for display):  her predecessor, Justin Welby, that led to his resignation. Dame Sarah Mul
processor.js:132 [WebSocket] {type: 'transcription', text: ' her predecessor, Justin Welby, that led to his resignation. Dame Sarah Mulally', is_final: false, timestamp: '2026-02-13T01:10:50.028Z'}
processor.js:138 [DEBUG] Non-final (ignored for display):  her predecessor, Justin Welby, that led to his resignation. Dame Sarah Mulally
processor.js:132 [WebSocket] {type: 'transcription', text: ' her predecessor, Justin Wel', is_final: true, timestamp: '2026-02-13T01:10:50.149Z'}
processor.js:134 [DEBUG] Final transcription:  her predecessor, Justin Wel
processor.js:132 [WebSocket] {type: 'transcription', text: 'by, that led to his resignation. Dame Sarah Mulally', is_final: false, timestamp: '2026-02-13T01:10:50.149Z'}
processor.js:138 [DEBUG] Non-final (ignored for display): by, that led to his resignation. Dame Sarah Mulally
processor.js:132 [WebSocket] {type: 'transcription', text: 'by, that led to his resignation. Dame Sarah Mulally sa', is_final: false, timestamp: '2026-02-13T01:10:50.281Z'}
processor.js:138 [DEBUG] Non-final (ignored for display): by, that led to his resignation. Dame Sarah Mulally sa
processor.js:132 [WebSocket] {type: 'transcription', text: 'by, that led to his resignation. Dame Sarah Mulally said', is_final: false, timestamp: '2026-02-13T01:10:50.496Z'}
processor.js:138 [DEBUG] Non-final (ignored for display): by, that led to his resignation. Dame Sarah Mulally said
processor.js:132 [WebSocket] {type: 'transcription', text: 'by, that led to his resignation. Dame Sarah Mulally said tod', is_final: false, timestamp: '2026-02-13T01:10:50.693Z'}
processor.js:138 [DEBUG] Non-final (ignored for display): by, that led to his resignation. Dame Sarah Mulally said tod
processor.js:132 [WebSocket] {type: 'transcription', text: 'by, that led to his resignation. Dame Sarah Mulally said today', is_final: false, timestamp: '2026-02-13T01:10:50.798Z'}
processor.js:138 [DEBUG] Non-final (ignored for display): by, that led to his resignation. Dame Sarah Mulally said today
processor.js:132 [WebSocket] {type: 'transcription', text: 'by, that led to his resignation. Dame Sarah Mulally said today that', is_final: false, timestamp: '2026-02-13T01:10:51.449Z'}
processor.js:138 [DEBUG] Non-final (ignored for display): by, that led to his resignation. Dame Sarah Mulally said today that
processor.js:132 [WebSocket] {type: 'transcription', text: 'by, that led to his resign', is_final: true, timestamp: '2026-02-13T01:10:52.219Z'}
processor.js:134 [DEBUG] Final transcription: by, that led to his resign
processor.js:132 [WebSocket] {type: 'transcription', text: 'ation. Dame Sarah Mulally said today that', is_final: false, timestamp: '2026-02-13T01:10:52.219Z'}
processor.js:138 [DEBUG] Non-final (ignored for display): ation. Dame Sarah Mulally said today that
processor.js:132 [WebSocket] {type: 'transcription', text: 'ation. Dame Sarah Mulally said today that sa', is_final: false, timestamp: '2026-02-13T01:10:52.338Z'}
processor.js:138 [DEBUG] Non-final (ignored for display): ation. Dame Sarah Mulally said today that sa
processor.js:132 [WebSocket] {type: 'transcription', text: 'ation. Dame Sarah Mulally said today that saf', is_final: false, timestamp: '2026-02-13T01:10:52.485Z'}
processor.js:138 [DEBUG] Non-final (ignored for display): ation. Dame Sarah Mulally said today that saf
processor.js:132 [WebSocket] {type: 'transcription', text: 'ation. Dame Sarah Mulally said today that safegu', is_final: false, timestamp: '2026-02-13T01:10:52.603Z'}
processor.js:138 [DEBUG] Non-final (ignored for display): ation. Dame Sarah Mulally said today that safegu
processor.js:132 [WebSocket] {type: 'transcription', text: 'ation. Dame Sarah Mulally said today that safeguard', is_final: false, timestamp: '2026-02-13T01:10:52.747Z'}
processor.js:138 [DEBUG] Non-final (ignored for display): ation. Dame Sarah Mulally said today that safeguard
processor.js:132 [WebSocket] {type: 'transcription', text: 'ation. Dame Sarah Mulally said today that safeguarding', is_final: false, timestamp: '2026-02-13T01:10:52.949Z'}
processor.js:138 [DEBUG] Non-final (ignored for display): ation. Dame Sarah Mulally said today that safeguarding
processor.js:132 [WebSocket] {type: 'transcription', text: 'ation. Dame Sarah Mulally said today that safeguarding will', is_final: false, timestamp: '2026-02-13T01:10:53.464Z'}
processor.js:138 [DEBUG] Non-final (ignored for display): ation. Dame Sarah Mulally said today that safeguarding will
processor.js:132 [WebSocket] {type: 'transcription', text: 'ation. Dame Sarah Mulally said today that safeguarding will re', is_final: false, timestamp: '2026-02-13T01:10:53.711Z'}
processor.js:138 [DEBUG] Non-final (ignored for display): ation. Dame Sarah Mulally said today that safeguarding will re
processor.js:132 [WebSocket] {type: 'transcription', text: 'ation. Dame Sarah Mulally said today that safeguarding will remain', is_final: false, timestamp: '2026-02-13T01:10:53.902Z'}
processor.js:138 [DEBUG] Non-final (ignored for display): ation. Dame Sarah Mulally said today that safeguarding will remain
processor.js:132 [WebSocket] {type: 'transcription', text: 'ation. Dame Sarah Mulally', is_final: true, timestamp: '2026-02-13T01:10:54.254Z'}
processor.js:134 [DEBUG] Final transcription: ation. Dame Sarah Mulally
processor.js:132 [WebSocket] {type: 'transcription', text: ' said today that safeguarding will remain at', is_final: false, timestamp: '2026-02-13T01:10:54.254Z'}
processor.js:138 [DEBUG] Non-final (ignored for display):  said today that safeguarding will remain at
processor.js:132 [WebSocket] {type: 'transcription', text: ' said today that safeguarding will remain at the', is_final: false, timestamp: '2026-02-13T01:10:54.384Z'}
processor.js:138 [DEBUG] Non-final (ignored for display):  said today that safeguarding will remain at the
processor.js:132 [WebSocket] {type: 'transcription', text: ' said today that safeguarding will remain at the top', is_final: false, timestamp: '2026-02-13T01:10:54.648Z'}
processor.js:138 [DEBUG] Non-final (ignored for display):  said today that safeguarding will remain at the top
processor.js:132 [WebSocket] {type: 'transcription', text: ' said today that safeguarding will remain at the top of', is_final: false, timestamp: '2026-02-13T01:10:55.241Z'}
processor.js:138 [DEBUG] Non-final (ignored for display):  said today that safeguarding will remain at the top of
processor.js:132 [WebSocket] {type: 'transcription', text: ' said today that safeguarding will remain at the top of her', is_final: false, timestamp: '2026-02-13T01:10:55.617Z'}
processor.js:138 [DEBUG] Non-final (ignored for display):  said today that safeguarding will remain at the top of her
processor.js:132 [WebSocket] {type: 'transcription', text: ' said today that safeguarding will remain at the top of her pri', is_final: false, timestamp: '2026-02-13T01:10:55.918Z'}
processor.js:138 [DEBUG] Non-final (ignored for display):  said today that safeguarding will remain at the top of her pri
processor.js:132 [WebSocket] {type: 'transcription', text: ' said today that safeguarding will remain at the top of her prior', is_final: false, timestamp: '2026-02-13T01:10:56.184Z'}
processor.js:138 [DEBUG] Non-final (ignored for display):  said today that safeguarding will remain at the top of her prior
processor.js:132 [WebSocket] {type: 'transcription', text: ' said today that', is_final: true, timestamp: '2026-02-13T01:10:56.303Z'}
processor.js:134 [DEBUG] Final transcription:  said today that
processor.js:132 [WebSocket] {type: 'transcription', text: ' safeguarding will remain at the top of her prior', is_final: false, timestamp: '2026-02-13T01:10:56.303Z'}
processor.js:138 [DEBUG] Non-final (ignored for display):  safeguarding will remain at the top of her prior
processor.js:132 [WebSocket] {type: 'transcription', text: ' safeguarding will remain at the top of her priorities', is_final: false, timestamp: '2026-02-13T01:10:56.559Z'}
processor.js:138 [DEBUG] Non-final (ignored for display):  safeguarding will remain at the top of her priorities
processor.js:132 [WebSocket] {type: 'transcription', text: ' safeguarding will remain at the top of her priorities.\n', is_final: true, timestamp: '2026-02-13T01:10:57.567Z'}
processor.js:134 [DEBUG] Final transcription:  safeguarding will remain at the top of her priorities.

processor.js:170 {liveTextBuffer: Array(1)}
processor.js:132 [WebSocket] {type: 'transcription', text: '', is_final: false, timestamp: '2026-02-13T01:10:57.568Z'}
processor.js:138 [DEBUG] Non-final (ignored for display): 
processor.js:132 [WebSocket] {type: 'transcription', text: ' Now', is_final: false, timestamp: '2026-02-13T01:10:57.605Z'}
processor.js:138 [DEBUG] Non-final (ignored for display):  Now
processor.js:132 [WebSocket] {type: 'transcription', text: ' Now,', is_final: false, timestamp: '2026-02-13T01:10:57.717Z'}
processor.js:138 [DEBUG] Non-final (ignored for display):  Now,
processor.js:132 [WebSocket] {type: 'transcription', text: ' Now, D', is_final: false, timestamp: '2026-02-13T01:10:57.979Z'}
processor.js:138 [DEBUG] Non-final (ignored for display):  Now, D
processor.js:132 [WebSocket] {type: 'transcription', text: ' Now, Dame', is_final: false, timestamp: '2026-02-13T01:10:58.099Z'}
processor.js:138 [DEBUG] Non-final (ignored for display):  Now, Dame
processor.js:132 [WebSocket] {type: 'transcription', text: ' Now, Dame Sar', is_final: false, timestamp: '2026-02-13T01:10:58.229Z'}
processor.js:138 [DEBUG] Non-final (ignored for display):  Now, Dame Sar
processor.js:132 [WebSocket] {type: 'transcription', text: ' Now, Dame Sarah', is_final: false, timestamp: '2026-02-13T01:10:58.360Z'}
processor.js:138 [DEBUG] Non-final (ignored for display):  Now, Dame Sarah
processor.js:132 [WebSocket] {type: 'transcription', text: ' Now, Dame Sarah Mul', is_final: false, timestamp: '2026-02-13T01:10:58.487Z'}
processor.js:138 [DEBUG] Non-final (ignored for display):  Now, Dame Sarah Mul
processor.js:132 [WebSocket] {type: 'transcription', text: ' Now, Dame Sarah Mulall', is_final: false, timestamp: '2026-02-13T01:10:58.576Z'}
processor.js:138 [DEBUG] Non-final (ignored for display):  Now, Dame Sarah Mulall
processor.js:132 [WebSocket] {type: 'transcription', text: ' Now, Dame Sarah Mulally,', is_final: false, timestamp: '2026-02-13T01:10:58.703Z'}
processor.js:138 [DEBUG] Non-final (ignored for display):  Now, Dame Sarah Mulally,
processor.js:132 [WebSocket] {type: 'transcription', text: ' Now, Dame Sarah Mulally, uh, gre', is_final: false, timestamp: '2026-02-13T01:10:59.093Z'}
processor.js:138 [DEBUG] Non-final (ignored for display):  Now, Dame Sarah Mulally, uh, gre
processor.js:132 [WebSocket] {type: 'transcription', text: ' Now, Dame Sarah Mulally, uh, grew', is_final: false, timestamp: '2026-02-13T01:10:59.243Z'}
processor.js:138 [DEBUG] Non-final (ignored for display):  Now, Dame Sarah Mulally, uh, grew
processor.js:132 [WebSocket] {type: 'transcription', text: ' Now, Dame Sarah Mulally, uh, grew up', is_final: false, timestamp: '2026-02-13T01:10:59.359Z'}
processor.js:138 [DEBUG] Non-final (ignored for display):  Now, Dame Sarah Mulally, uh, grew up
processor.js:132 [WebSocket] {type: 'transcription', text: ' Now, Dame Sarah Mulally, uh, grew up not', is_final: false, timestamp: '2026-02-13T01:10:59.518Z'}
processor.js:138 [DEBUG] Non-final (ignored for display):  Now, Dame Sarah Mulally, uh, grew up not
processor.js:132 [WebSocket] {type: 'transcription', text: ' Now, Dame Sarah Mulally, uh, grew up not a', is_final: false, timestamp: '2026-02-13T01:10:59.764Z'}
processor.js:138 [DEBUG] Non-final (ignored for display):  Now, Dame Sarah Mulally, uh, grew up not a
processor.js:132 [WebSocket] {type: 'transcription', text: ' Now, Dame Sarah Mulally, uh, grew up not a million', is_final: false, timestamp: '2026-02-13T01:10:59.879Z'}
processor.js:138 [DEBUG] Non-final (ignored for display):  Now, Dame Sarah Mulally, uh, grew up not a million
processor.js:132 [WebSocket] {type: 'transcription', text: ' Now, Dame Sarah Mulally, uh, grew up not a million mil', is_final: false, timestamp: '2026-02-13T01:11:00.149Z'}
processor.js:138 [DEBUG] Non-final (ignored for display):  Now, Dame Sarah Mulally, uh, grew up not a million mil
processor.js:132 [WebSocket] {type: 'transcription', text: ' Now, Dame Sarah Mulally, uh, grew up not a million miles', is_final: false, timestamp: '2026-02-13T01:11:00.297Z'}
processor.js:138 [DEBUG] Non-final (ignored for display):  Now, Dame Sarah Mulally, uh, grew up not a million miles
processor.js:132 [WebSocket] {type: 'transcription', text: ' Now, Dame Sarah Mulally, uh, grew up not a million miles a', is_final: false, timestamp: '2026-02-13T01:11:00.395Z'}
processor.js:138 [DEBUG] Non-final (ignored for display):  Now, Dame Sarah Mulally, uh, grew up not a million miles a
processor.js:132 [WebSocket] {type: 'transcription', text: ' Now, Dame Sarah Mulally, uh, grew up not a million miles away', is_final: false, timestamp: '2026-02-13T01:11:00.492Z'}
processor.js:138 [DEBUG] Non-final (ignored for display):  Now, Dame Sarah Mulally, uh, grew up not a million miles away
processor.js:132 [WebSocket] {type: 'transcription', text: ' Now, Dame Sarah Mulally, uh, grew up not a million miles away from', is_final: false, timestamp: '2026-02-13T01:11:00.879Z'}
processor.js:138 [DEBUG] Non-final (ignored for display):  Now, Dame Sarah Mulally, uh, grew up not a million miles away from
processor.js:132 [WebSocket] {type: 'transcription', text: ' Now, Dame Sarah Mulally, uh, grew up not a million miles away from London', is_final: false, timestamp: '2026-02-13T01:11:01.442Z'}
processor.js:138 [DEBUG] Non-final (ignored for display):  Now, Dame Sarah Mulally, uh, grew up not a million miles away from London
processor.js:132 [WebSocket] {type: 'transcription', text: ' Now, Dame Sarah Mulally, uh, grew up not a million miles away from London in', is_final: false, timestamp: '2026-02-13T01:11:01.807Z'}
processor.js:138 [DEBUG] Non-final (ignored for display):  Now, Dame Sarah Mulally, uh, grew up not a million miles away from London in
processor.js:132 [WebSocket] {type: 'transcription', text: ' Now, Dame Sarah Mulally, uh, grew up not a million miles away from London in W', is_final: false, timestamp: '2026-02-13T01:11:02.343Z'}
processor.js:138 [DEBUG] Non-final (ignored for display):  Now, Dame Sarah Mulally, uh, grew up not a million miles away from London in W
processor.js:132 [WebSocket] {type: 'transcription', text: ' Now, Dame Sarah Mulally, uh, grew up not a million miles away from London in Wok', is_final: false, timestamp: '2026-02-13T01:11:02.402Z'}
processor.js:138 [DEBUG] Non-final (ignored for display):  Now, Dame Sarah Mulally, uh, grew up not a million miles away from London in Wok
processor.js:132 [WebSocket] {type: 'transcription', text: ' Now, Dame Sarah Mulally, uh, grew up not a million miles away from London in Woking.', is_final: false, timestamp: '2026-02-13T01:11:02.531Z'}
processor.js:138 [DEBUG] Non-final (ignored for display):  Now, Dame Sarah Mulally, uh, grew up not a million miles away from London in Woking.
processor.js:132 [WebSocket] {type: 'transcription', text: ' Now, Dame Sarah Mulally, uh, grew up not a million miles away from London in Woking. She', is_final: false, timestamp: '2026-02-13T01:11:02.793Z'}
processor.js:138 [DEBUG] Non-final (ignored for display):  Now, Dame Sarah Mulally, uh, grew up not a million miles away from London in Woking. She
processor.js:132 [WebSocket] {type: 'transcription', text: ' Now, Dame Sarah Mulally, uh, grew up not a million miles away from London in Woking. She has', is_final: false, timestamp: '2026-02-13T01:11:02.931Z'}
processor.js:138 [DEBUG] Non-final (ignored for display):  Now, Dame Sarah Mulally, uh, grew up not a million miles away from London in Woking. She has
processor.js:132 [WebSocket] {type: 'transcription', text: ' Now, Dame Sarah Mulally, uh, grew up not a million miles away from London in Woking. She has many', is_final: false, timestamp: '2026-02-13T01:11:03.497Z'}
processor.js:138 [DEBUG] Non-final (ignored for display):  Now, Dame Sarah Mulally, uh, grew up not a million miles away from London in Woking. She has many
processor.js:132 [WebSocket] {type: 'transcription', text: ' Now, Dame Sarah Mulally, uh, grew up not', is_final: true, timestamp: '2026-02-13T01:11:03.987Z'}
processor.js:134 [DEBUG] Final transcription:  Now, Dame Sarah Mulally, uh, grew up not
processor.js:132 [WebSocket] {type: 'transcription', text: ' a million miles away from London in Woking. She has many', is_final: false, timestamp: '2026-02-13T01:11:03.987Z'}
processor.js:138 [DEBUG] Non-final (ignored for display):  a million miles away from London in Woking. She has many
processor.js:132 [WebSocket] {type: 'transcription', text: ' a million miles away from London in Woking. She has many t', is_final: false, timestamp: '2026-02-13T01:11:04.093Z'}
processor.js:138 [DEBUG] Non-final (ignored for display):  a million miles away from London in Woking. She has many t
processor.js:132 [WebSocket] {type: 'transcription', text: ' a million miles away from London in Woking. She has many ties', is_final: false, timestamp: '2026-02-13T01:11:04.195Z'}
processor.js:138 [DEBUG] Non-final (ignored for display):  a million miles away from London in Woking. She has many ties
processor.js:132 [WebSocket] {type: 'transcription', text: ' a million miles away from London in Woking. She has many ties to', is_final: false, timestamp: '2026-02-13T01:11:04.469Z'}
processor.js:138 [DEBUG] Non-final (ignored for display):  a million miles away from London in Woking. She has many ties to
processor.js:132 [WebSocket] {type: 'transcription', text: ' a million miles away from London in Woking. She has many ties to the', is_final: false, timestamp: '2026-02-13T01:11:04.715Z'}
processor.js:138 [DEBUG] Non-final (ignored for display):  a million miles away from London in Woking. She has many ties to the
processor.js:132 [WebSocket] {type: 'transcription', text: ' a million miles away from London in Woking. She has many ties to the capit', is_final: false, timestamp: '2026-02-13T01:11:05.091Z'}
processor.js:138 [DEBUG] Non-final (ignored for display):  a million miles away from London in Woking. She has many ties to the capit
processor.js:132 [WebSocket] {type: 'transcription', text: ' a million miles away from London', is_final: true, timestamp: '2026-02-13T01:11:05.647Z'}
processor.js:134 [DEBUG] Final transcription:  a million miles away from London
processor.js:132 [WebSocket] {type: 'transcription', text: ' in Woking. She has many ties to the capit', is_final: false, timestamp: '2026-02-13T01:11:05.648Z'}
processor.js:138 [DEBUG] Non-final (ignored for display):  in Woking. She has many ties to the capit
processor.js:132 [WebSocket] {type: 'transcription', text: ' in Woking. She has many ties to the capital,', is_final: false, timestamp: '2026-02-13T01:11:05.777Z'}
processor.js:138 [DEBUG] Non-final (ignored for display):  in Woking. She has many ties to the capital,
processor.js:132 [WebSocket] {type: 'transcription', text: ' in Woking. She has many ties to the capital, and', is_final: false, timestamp: '2026-02-13T01:11:05.917Z'}
processor.js:138 [DEBUG] Non-final (ignored for display):  in Woking. She has many ties to the capital, and
processor.js:132 [WebSocket] {type: 'transcription', text: ' in Woking. She has many ties to the capital, and here', is_final: false, timestamp: '2026-02-13T01:11:06.034Z'}
processor.js:138 [DEBUG] Non-final (ignored for display):  in Woking. She has many ties to the capital, and here
processor.js:132 [WebSocket] {type: 'transcription', text: ' in Woking. She has many ties to the capital, and here to', is_final: false, timestamp: '2026-02-13T01:11:06.162Z'}
processor.js:138 [DEBUG] Non-final (ignored for display):  in Woking. She has many ties to the capital, and here to
processor.js:132 [WebSocket] {type: 'transcription', text: ' in Woking. She has many ties to the capital, and here to t', is_final: false, timestamp: '2026-02-13T01:11:06.261Z'}
processor.js:138 [DEBUG] Non-final (ignored for display):  in Woking. She has many ties to the capital, and here to t
processor.js:132 [WebSocket] {type: 'transcription', text: ' in Woking. She has many ties to the capital, and here to tell', is_final: false, timestamp: '2026-02-13T01:11:06.420Z'}
processor.js:138 [DEBUG] Non-final (ignored for display):  in Woking. She has many ties to the capital, and here to tell
processor.js:132 [WebSocket] {type: 'transcription', text: ' in Woking. She has many ties to the capital, and here to tell us', is_final: false, timestamp: '2026-02-13T01:11:06.502Z'}
processor.js:138 [DEBUG] Non-final (ignored for display):  in Woking. She has many ties to the capital, and here to tell us
processor.js:132 [WebSocket] {type: 'transcription', text: ' in Woking. She has many ties to the capital, and here to tell us more', is_final: false, timestamp: '2026-02-13T01:11:06.630Z'}
processor.js:138 [DEBUG] Non-final (ignored for display):  in Woking. She has many ties to the capital, and here to tell us more
processor.js:132 [WebSocket] {type: 'transcription', text: ' in Woking. She has many ties to the capital, and here to tell us more about', is_final: false, timestamp: '2026-02-13T01:11:06.769Z'}
processor.js:138 [DEBUG] Non-final (ignored for display):  in Woking. She has many ties to the capital, and here to tell us more about
processor.js:132 [WebSocket] {type: 'transcription', text: ' in Woking. She has many ties to the capital, and here to tell us more about that', is_final: false, timestamp: '2026-02-13T01:11:06.885Z'}
processor.js:138 [DEBUG] Non-final (ignored for display):  in Woking. She has many ties to the capital, and here to tell us more about that
processor.js:132 [WebSocket] {type: 'transcription', text: ' in Woking. She has many ties to the capital, and here to tell us more about that now', is_final: false, timestamp: '2026-02-13T01:11:07.341Z'}
processor.js:138 [DEBUG] Non-final (ignored for display):  in Woking. She has many ties to the capital, and here to tell us more about that now
processor.js:132 [WebSocket] {type: 'transcription', text: ' in Woking. She has many', is_final: true, timestamp: '2026-02-13T01:11:07.769Z'}
processor.js:134 [DEBUG] Final transcription:  in Woking. She has many
processor.js:132 [WebSocket] {type: 'transcription', text: ' ties to the capital, and here to tell us more about that now', is_final: false, timestamp: '2026-02-13T01:11:07.769Z'}
processor.js:138 [DEBUG] Non-final (ignored for display):  ties to the capital, and here to tell us more about that now
processor.js:132 [WebSocket] {type: 'transcription', text: ' ties to the capital, and here to tell us more about that now is', is_final: false, timestamp: '2026-02-13T01:11:08.172Z'}
processor.js:138 [DEBUG] Non-final (ignored for display):  ties to the capital, and here to tell us more about that now is
processor.js:132 [WebSocket] {type: 'transcription', text: ' ties to the capital, and here to tell us more about that now is Lux', is_final: false, timestamp: '2026-02-13T01:11:08.556Z'}
processor.js:138 [DEBUG] Non-final (ignored for display):  ties to the capital, and here to tell us more about that now is Lux
processor.js:132 [WebSocket] {type: 'transcription', text: ' ties to the capital, and here to tell us more about that now is Luxme', is_final: false, timestamp: '2026-02-13T01:11:08.810Z'}
processor.js:138 [DEBUG] Non-final (ignored for display):  ties to the capital, and here to tell us more about that now is Luxme
processor.js:132 [WebSocket] {type: 'transcription', text: ' ties to the capital, and here to tell us more about that now is Luxmee G', is_final: false, timestamp: '2026-02-13T01:11:08.965Z'}
processor.js:138 [DEBUG] Non-final (ignored for display):  ties to the capital, and here to tell us more about that now is Luxmee G
processor.js:132 [WebSocket] {type: 'transcription', text: ' ties to the capital, and here to tell us more about that now is Luxmee Gop', is_final: false, timestamp: '2026-02-13T01:11:09.114Z'}
processor.js:138 [DEBUG] Non-final (ignored for display):  ties to the capital, and here to tell us more about that now is Luxmee Gop
processor.js:132 [WebSocket] {type: 'transcription', text: ' ties to the capital, and here to tell us more about that now is Luxmee Gopal.\n', is_final: true, timestamp: '2026-02-13T01:11:09.244Z'}
processor.js:134 [DEBUG] Final transcription:  ties to the capital, and here to tell us more about that now is Luxmee Gopal.

processor.js:170 {liveTextBuffer: Array(2)}
processor.js:132 [WebSocket] {type: 'transcription', text: '', is_final: false, timestamp: '2026-02-13T01:11:09.245Z'}
processor.js:138 [DEBUG] Non-final (ignored for display): 
processor.js:132 [WebSocket] {type: 'transcription', text: ' As', is_final: false, timestamp: '2026-02-13T01:11:10.871Z'}
processor.js:138 [DEBUG] Non-final (ignored for display):  As
processor.js:132 [WebSocket] {type: 'transcription', text: ' As b', is_final: false, timestamp: '2026-02-13T01:11:11.027Z'}
processor.js:138 [DEBUG] Non-final (ignored for display):  As b
processor.js:132 [WebSocket] {type: 'transcription', text: ' As bish', is_final: false, timestamp: '2026-02-13T01:11:11.188Z'}
processor.js:138 [DEBUG] Non-final (ignored for display):  As bish
processor.js:132 [WebSocket] {type: 'transcription', text: ' As bishops', is_final: false, timestamp: '2026-02-13T01:11:11.423Z'}
processor.js:138 [DEBUG] Non-final (ignored for display):  As bishops
processor.js:132 [WebSocket] {type: 'transcription', text: ' As bishops of', is_final: false, timestamp: '2026-02-13T01:11:11.793Z'}
processor.js:138 [DEBUG] Non-final (ignored for display):  As bishops of
processor.js:132 [WebSocket] {type: 'transcription', text: ' As bishops of the', is_final: false, timestamp: '2026-02-13T01:11:12.016Z'}
processor.js:138 [DEBUG] Non-final (ignored for display):  As bishops of the
processor.js:132 [WebSocket] {type: 'transcription', text: ' As bishops of the Church', is_final: false, timestamp: '2026-02-13T01:11:12.532Z'}
processor.js:138 [DEBUG] Non-final (ignored for display):  As bishops of the Church
processor.js:132 [WebSocket] {type: 'transcription', text: ' As bishops of the Church of', is_final: false, timestamp: '2026-02-13T01:11:12.769Z'}
processor.js:138 [DEBUG] Non-final (ignored for display):  As bishops of the Church of
processor.js:132 [WebSocket] {type: 'transcription', text: ' As bishops of the Church of Eng', is_final: false, timestamp: '2026-02-13T01:11:12.955Z'}
processor.js:138 [DEBUG] Non-final (ignored for display):  As bishops of the Church of Eng
processor.js:132 [WebSocket] {type: 'transcription', text: ' As bishops of the Church of England,', is_final: false, timestamp: '2026-02-13T01:11:13.203Z'}
processor.js:138 [DEBUG] Non-final (ignored for display):  As bishops of the Church of England,
processor.js:132 [WebSocket] {type: 'transcription', text: ' As bishops of the Church of England,', is_final: false, timestamp: '2026-02-13T01:11:14.311Z'}
processor.js:138 [DEBUG] Non-final (ignored for display):  As bishops of the Church of England,
processor.js:132 [WebSocket] {type: 'transcription', text: ' As bishops of the Church of England, Arch', is_final: false, timestamp: '2026-02-13T01:11:14.447Z'}
processor.js:138 [DEBUG] Non-final (ignored for display):  As bishops of the Church of England, Arch
processor.js:132 [WebSocket] {type: 'transcription', text: ' As bishops of the Church of England, Archb', is_final: false, timestamp: '2026-02-13T01:11:14.694Z'}
processor.js:138 [DEBUG] Non-final (ignored for display):  As bishops of the Church of England, Archb
processor.js:132 [WebSocket] {type: 'transcription', text: ' As bishops of the Church of England, Archbish', is_final: false, timestamp: '2026-02-13T01:11:14.819Z'}
processor.js:138 [DEBUG] Non-final (ignored for display):  As bishops of the Church of England, Archbish
processor.js:132 [WebSocket] {type: 'transcription', text: ' As bishops of the Church of England, Archbishop', is_final: false, timestamp: '2026-02-13T01:11:14.876Z'}
processor.js:138 [DEBUG] Non-final (ignored for display):  As bishops of the Church of England, Archbishop
processor.js:132 [WebSocket] {type: 'transcription', text: ' As bish', is_final: true, timestamp: '2026-02-13T01:11:15.415Z'}
processor.js:134 [DEBUG] Final transcription:  As bish
processor.js:132 [WebSocket] {type: 'transcription', text: 'ops of the Church of England, Archbishop Sar', is_final: false, timestamp: '2026-02-13T01:11:15.416Z'}
processor.js:138 [DEBUG] Non-final (ignored for display): ops of the Church of England, Archbishop Sar
processor.js:132 [WebSocket] {type: 'transcription', text: 'ops of the Church of England, Archbishop Sarah', is_final: false, timestamp: '2026-02-13T01:11:15.651Z'}
processor.js:138 [DEBUG] Non-final (ignored for display): ops of the Church of England, Archbishop Sarah
processor.js:132 [WebSocket] {type: 'transcription', text: 'ops of the Church of England, Archbishop Sarah, we', is_final: false, timestamp: '2026-02-13T01:11:16.369Z'}
processor.js:138 [DEBUG] Non-final (ignored for display): ops of the Church of England, Archbishop Sarah, we
processor.js:132 [WebSocket] {type: 'transcription', text: 'ops of the Church of England, Archbishop Sarah, we wel', is_final: false, timestamp: '2026-02-13T01:11:16.635Z'}
processor.js:138 [DEBUG] Non-final (ignored for display): ops of the Church of England, Archbishop Sarah, we wel
processor.js:132 [WebSocket] {type: 'transcription', text: 'ops of the Church of England, Archbishop Sarah, we welcom', is_final: false, timestamp: '2026-02-13T01:11:16.827Z'}
processor.js:138 [DEBUG] Non-final (ignored for display): ops of the Church of England, Archbishop Sarah, we welcom
processor.js:132 [WebSocket] {type: 'transcription', text: 'ops of the Church of England, Archbishop Sarah, we welcome', is_final: false, timestamp: '2026-02-13T01:11:16.915Z'}
processor.js:138 [DEBUG] Non-final (ignored for display): ops of the Church of England, Archbishop Sarah, we welcome
processor.js:132 [WebSocket] {type: 'transcription', text: 'ops of the Church of England, Archbishop Sarah, we welcome y', is_final: false, timestamp: '2026-02-13T01:11:17.058Z'}
processor.js:138 [DEBUG] Non-final (ignored for display): ops of the Church of England, Archbishop Sarah, we welcome y
processor.js:132 [WebSocket] {type: 'transcription', text: 'ops of the Church of England, Archbishop Sarah, we welcome you', is_final: false, timestamp: '2026-02-13T01:11:17.291Z'}
processor.js:138 [DEBUG] Non-final (ignored for display): ops of the Church of England, Archbishop Sarah, we welcome you
